<?xml version="1.0" encoding="UTF-8"?>
<testng-results ignored="0" total="1" passed="1" failed="0" skipped="0">
  <reporter-output>
  </reporter-output>
  <suite started-at="2024-10-14T08:44:38 CDT" name="Default suite" finished-at="2024-10-14T08:45:04 CDT" duration-ms="26077">
    <groups>
    </groups>
    <test started-at="2024-10-14T08:44:38 CDT" name="Default test" finished-at="2024-10-14T08:45:04 CDT" duration-ms="26077">
      <class name="com.testscenarios.TS_02_LoginAndLogout">
        <test-method signature="f()[pri:0, instance:com.testscenarios.TS_02_LoginAndLogout@14cd1699]" started-at="2024-10-14T08:44:38 CDT" name="f" finished-at="2024-10-14T08:45:04 CDT" duration-ms="26028" status="PASS">
          <reporter-output>
          </reporter-output>
        </test-method> <!-- f -->
      </class> <!-- com.testscenarios.TS_02_LoginAndLogout -->
    </test> <!-- Default test -->
  </suite> <!-- Default suite -->
</testng-results>
